<?xml version="1.0" encoding="UTF-8"?>
<!-- Generated by org.testng.reporters.JUnitReportReporter -->
<testsuite hostname="DESKTOP-H7A1AHH" name="test.ProjectTest" tests="1" failures="0" timestamp="24 May 2020 08:05:12 GMT" time="90.988" errors="0">
  <testcase name="openBrowser" time="90.988" classname="test.ProjectTest"/>
</testsuite> <!-- test.ProjectTest -->
